<?xml version="1.0" encoding="UTF-8"?>
<testng-results ignored="0" total="1" passed="1" failed="0" skipped="0">
  <reporter-output>
  </reporter-output>
  <suite started-at="2021-01-10T19:15:38 EST" name="Default suite" finished-at="2021-01-10T19:15:46 EST" duration-ms="8542">
    <groups>
    </groups>
    <test started-at="2021-01-10T19:15:38 EST" name="Default test" finished-at="2021-01-10T19:15:46 EST" duration-ms="8542">
      <class name="com.practise.TestNG.TakeScreenShot">
        <test-method is-config="true" signature="initialization()[pri:0, instance:com.practise.TestNG.TakeScreenShot@223aa2f7]" started-at="2021-01-10T19:15:32 EST" name="initialization" finished-at="2021-01-10T19:15:38 EST" duration-ms="5834" status="PASS">
          <reporter-output>
          </reporter-output>
        </test-method> <!-- initialization -->
        <test-method signature="login()[pri:0, instance:com.practise.TestNG.TakeScreenShot@223aa2f7]" started-at="2021-01-10T19:15:38 EST" name="login" finished-at="2021-01-10T19:15:46 EST" duration-ms="8484" status="PASS">
          <reporter-output>
          </reporter-output>
        </test-method> <!-- login -->
        <test-method is-config="true" signature="closeReport()[pri:0, instance:com.practise.TestNG.TakeScreenShot@223aa2f7]" started-at="2021-01-10T19:15:46 EST" name="closeReport" finished-at="2021-01-10T19:15:48 EST" duration-ms="1311" status="PASS">
          <reporter-output>
          </reporter-output>
        </test-method> <!-- closeReport -->
      </class> <!-- com.practise.TestNG.TakeScreenShot -->
    </test> <!-- Default test -->
  </suite> <!-- Default suite -->
</testng-results>
